<?xml version='1.0' encoding='UTF-8'?>
<hotspot_log version='160 1' process='8300' time_ms='1429289630403'>
<vm_version>
<name>
Java HotSpot(TM) 64-Bit Server VM
</name>
<release>
17.0-b05-fastdebug
</release>
<info>
Java HotSpot(TM) 64-Bit Server VM (17.0-b05-fastdebug) for windows-amd64 JRE (1.7.0-ea-fastdebug-b76), built on Nov 12 2009 01:51:45 by &quot;java_re&quot; with MS VC++ 8.0 (VS2005)
</info>
</vm_version>
<vm_arguments>
<args>
-Dmaven.home=EMBEDDED -Dclassworlds.conf=C:\Users\bram.zerbe\Desktop\Programming\.metadata\.plugins\org.eclipse.m2e.launching\launches\m2conf7377165147889537240.tmp -Dfile.encoding=Cp1252 
</args>
<command>
org.codehaus.plexus.classworlds.launcher.Launcher -B compile scala:compile
</command>
<launcher>
SUN_STANDARD
</launcher>
<properties>
java.vm.specification.version=1.0
java.vm.specification.name=Java Virtual Machine Specification
java.vm.specification.vendor=Sun Microsystems Inc.
java.vm.version=17.0-b05-fastdebug
java.vm.name=Java HotSpot(TM) 64-Bit Server VM
java.vm.vendor=Sun Microsystems Inc.
java.vm.info=mixed mode, sharing
java.ext.dirs=C:\Users\bram.zerbe\Desktop\Programming\Java - Needed Stuff\JDK 1.7 x64\jdk1.7.0\fastdebug\jre\lib\ext;C:\WINDOWS\Sun\Java\lib\ext
java.endorsed.dirs=C:\Users\bram.zerbe\Desktop\Programming\Java - Needed Stuff\JDK 1.7 x64\jdk1.7.0\fastdebug\jre\lib\endorsed
sun.boot.library.path=C:\Users\bram.zerbe\Desktop\Programming\Java - Needed Stuff\JDK 1.7 x64\jdk1.7.0\fastdebug\jre\bin
java.library.path=C:\Users\bram.zerbe\Desktop\Programming\Java - Needed Stuff\JDK 1.7 x64\jdk1.7.0\fastdebug\bin;.;C:\WINDOWS\Sun\Java\bin;C:\WINDOWS\system32;C:\WINDOWS;C:/Program Files (x86)/Java/jre7/bin/client;C:/Program Files (x86)/Java/jre7/bin;C:/Program Files (x86)/Java/jre7/lib/i386;C:\Program Files\Common Files\Microsoft Shared\Windows Live;C:\Program Files (x86)\Common Files\Microsoft Shared\Windows Live;C:\WINDOWS\system32;C:\WINDOWS;C:\WINDOWS\System32\Wbem;C:\WINDOWS\System32\WindowsPowerShell\v1.0\;C:\Program Files (x86)\Windows Live\Shared;C:\Program Files\Lenovo Fingerprint Reader\;C:\Program Files\Lenovo Fingerprint Reader\x86\;C:\Program Files\Lenovo Fingerprint Reader\;C:\Program Files\Lenovo Fingerprint Reader\x86\;C:\Program Files\Lenovo Fingerprint Reader\;C:\Program Files\Lenovo Fingerprint Reader\x86\;.\Common\Libraries;E:\KidsRuby\Git\cmd;C:\Users\bram.zerbe\KidsRuby\Git\cmd;C:\Users\bram.zerbe\AppData\Local\Google\Chrome\Application;C:\Program Files\Common Files\Microsoft Shared\Windows Live;C:\Program Files (x86)\Common Files\Microsoft Shared\Windows Live;C:\WINDOWS\system32;C:\WINDOWS;C:\WINDOWS\System32\Wbem;C:\WINDOWS\System32\WindowsPowerShell\v1.0\;C:\Program Files (x86)\Windows Live\Shared;C:\Program Files\Lenovo Fingerprint Reader\;C:\Program Files\Lenovo Fingerprint Reader\x86\;C:\Program Files\Lenovo Fingerprint Reader\;C:\Program Files\Lenovo Fingerprint Reader\x86\;C:\Program Files\Lenovo Fingerprint Reader\;C:\Program Files\Lenovo Fingerprint Reader\x86\;.\Common\Libraries;C:\Users\bram.zerbe\AppData\Local\Programs\Git\cmd;C:\Users\bram.zerbe\AppData\Local\Spoon\Cmd;C:\Users\bram.zerbe\Desktop\eclipse;
java.home=C:\Users\bram.zerbe\Desktop\Programming\Java - Needed Stuff\JDK 1.7 x64\jdk1.7.0\fastdebug\jre
java.class.path=/C:/Users/bram.zerbe/Desktop/eclipse/plugins/org.eclipse.m2e.maven.runtime_1.5.0.20140605-2032/jars/plexus-classworlds-2.5.1.jar
sun.boot.class.path=C:\Users\bram.zerbe\Desktop\Programming\Java - Needed Stuff\JDK 1.7 x64\jdk1.7.0\fastdebug\jre\lib\resources.jar;C:\Users\bram.zerbe\Desktop\Programming\Java - Needed Stuff\JDK 1.7 x64\jdk1.7.0\fastdebug\jre\lib\rt.jar;C:\Users\bram.zerbe\Desktop\Programming\Java - Needed Stuff\JDK 1.7 x64\jdk1.7.0\fastdebug\jre\lib\sunrsasign.jar;C:\Users\bram.zerbe\Desktop\Programming\Java - Needed Stuff\JDK 1.7 x64\jdk1.7.0\fastdebug\jre\lib\jsse.jar;C:\Users\bram.zerbe\Desktop\Programming\Java - Needed Stuff\JDK 1.7 x64\jdk1.7.0\fastdebug\jre\lib\jce.jar;C:\Users\bram.zerbe\Desktop\Programming\Java - Needed Stuff\JDK 1.7 x64\jdk1.7.0\fastdebug\jre\lib\charsets.jar;C:\Users\bram.zerbe\Desktop\Programming\Java - Needed Stuff\JDK 1.7 x64\jdk1.7.0\fastdebug\jre\classes
maven.home=EMBEDDED
classworlds.conf=C:\Users\bram.zerbe\Desktop\Programming\.metadata\.plugins\org.eclipse.m2e.launching\launches\m2conf7377165147889537240.tmp
file.encoding=Cp1252
sun.java.launcher=SUN_STANDARD
</properties>
</vm_arguments>
<tty>
<writer thread='8984'/>
<dependency_failed type='leaf_type' ctxk='java/lang/IllegalArgumentException' witness='java/lang/NumberFormatException' stamp='2.159'/>
<dependency_failed type='leaf_type' ctxk='java/io/ByteArrayOutputStream' witness='sun/security/util/DerOutputStream' stamp='10.940'/>
<statistics type='opto'>
--- Compiler Statistics ---
Methods seen: 4013  Methods parsed: 4013  Nodes created: 918477
Blocks parsed: 13532  Blocks seen: 14241
16044 original NULL checks - 12843 elided (80%); optimizer leaves 3063,
1780 made implicit (58%)
CCP: 451  constants found: 7
Total frameslots = 4924, Max frameslots = 64
Inserted 0 spill loads, 0 spill stores, 0 mem-mem moves and 0 copies.
Total load cost=      0, store cost =      0, mem-mem cost =  0.00, copy cost =     0.
Adjusted spill cost =       0.
Conservatively coalesced 3560 copies, 0 pairs, 16841 post alloc.
Used cisc instruction  997,  remained in register 6947
Average allocation trips 1.744086
High Pressure Blocks = 0, Low Pressure Blocks = 0
Nops added 0 bytes to total of 690781 bytes, for 0.00%
Peephole: peephole rules applied: 0
PhaseIdealLoop=1850, sum _unique=2697981
</statistics>
<statistics type='intrinsic'>
Compiler intrinsic usage:
    28 ( 5.9%) _hashCode (worked,virtual,nonvirtual)
    50 (10.6%) _getClass (worked)
     8 ( 1.7%) _clone (worked)
    39 ( 8.3%) _min (worked)
     4 ( 0.8%) _max (worked)
    16 ( 3.4%) _reverseBytes_i (worked)
     9 ( 1.9%) _identityHashCode (worked)
   102 (21.7%) _arraycopy (worked)
     2 ( 0.4%) _isInterrupted (worked)
     8 ( 1.7%) _currentThread (worked)
    15 ( 3.2%) _isAssignableFrom (worked)
    10 ( 2.1%) _isArray (worked)
     4 ( 0.8%) _isPrimitive (worked)
     4 ( 0.8%) _getSuperclass (worked)
     5 ( 1.1%) _getComponentType (worked)
     4 ( 0.8%) _getLength (worked)
     6 ( 1.3%) _getCallerClass (worked,failed)
     5 ( 1.1%) _newArray (worked)
    32 ( 6.8%) _copyOf (worked)
     6 ( 1.3%) _indexOf (worked)
    72 (15.3%) _equals (worked)
     2 ( 0.4%) _getObject (worked)
    32 ( 6.8%) _getInt (worked)
     2 ( 0.4%) _getObjectVolatile (worked)
     6 ( 1.3%) _compareAndSwapInt (worked)
   471 (100.0%) total (worked,failed,virtual,nonvirtual)
</statistics>
<statistics type='deoptimization'>
Deoptimization traps recorded:
    55 (100.0%) total
     null_check/make_not_entrant/checkcast: 4 (7.3%)
  class_check/maybe_recompile/invokevirtual: 33 (60.0%)
  class_check/maybe_recompile/invokeinterface: 8 (14.5%)
                  unloaded/reinterpret/new: 1 (1.8%)
           unreached/reinterpret/ifnonnull: 8 (14.5%)
              unreached/reinterpret/ifnull: 1 (1.8%)
</statistics>
<statistics type='nmethod'>
Statistics for 19 native nmethods:
 N. total size  = 20136
 N. relocation  = 2024
 N. main code   = 12536
Statistics for 451 bytecoded nmethods:
 total in heap  = 1960160
 relocation     = 59368
 main code      = 696608
 stub code      = 28384
 constants      = 1848
 scopes data    = 356688
 scopes pcs     = 579088
 dependencies   = 4800
 handler table  = 61656
 nul chk table  = 16688
 oops           = 27472
Debug Data Chunks: 111906, shared 10297+60017, non-SP&apos;s elided 211
PcDesc Statistics:  3321 queries, 15.55 comparisons per query
  caches=451 queries=3321/0, hits=0+503, tests=16875+34768, adds=2818
</statistics>
<statistics type='SharedRuntime'>
    4 monitor enter slow
  149 new instance requires GC
  562 new array requires GC
   89 inline cache miss in compiled
    3 wrong method
   83 unresolved static call site
  190 unresolved virtual call site
  425 unresolved opt virtual call site
39062 slow partial subtype
24912 byte array copies
567710 short array copies
37319 int array copies
155394 long array copies
   22 checkcast array copies
    1 find exception handler
    1 rethrow handler
</statistics>
<tty_done stamp='62.096'/>
</tty>
<hotspot_log_done stamp='62.096'/>
</hotspot_log>
